Traceback (most recent call last):
  File "D:\Projects\Temperature-Viewer\temperature_viewer\app\management\commands\inkbird.py", line 131, in handle
    app.get_data()
  File "D:\Projects\Temperature-Viewer\temperature_viewer\app\management\commands\inkbird.py", line 43, in get_data
    self.peripheral = btle.Peripheral(self.address)
NameError: name 'btle' is not defined
Traceback (most recent call last):
  File "D:\Projects\Temperature-Viewer\temperature_viewer\app\management\commands\inkbird.py", line 131, in handle
    app.get_data()
  File "D:\Projects\Temperature-Viewer\temperature_viewer\app\management\commands\inkbird.py", line 43, in get_data
    self.peripheral = btle.Peripheral(self.address)
NameError: name 'btle' is not defined
Traceback (most recent call last):
  File "D:\Projects\Temperature-Viewer\temperature_viewer\app\management\commands\inkbird.py", line 131, in handle
    app.get_data()
  File "D:\Projects\Temperature-Viewer\temperature_viewer\app\management\commands\inkbird.py", line 43, in get_data
    self.peripheral = btle.Peripheral(self.address)
NameError: name 'btle' is not defined
Traceback (most recent call last):
  File "D:\Projects\Temperature-Viewer\temperature_viewer\app\management\commands\inkbird.py", line 131, in handle
    app.get_data()
  File "D:\Projects\Temperature-Viewer\temperature_viewer\app\management\commands\inkbird.py", line 43, in get_data
    self.peripheral = btle.Peripheral(self.address)
NameError: name 'btle' is not defined
Traceback (most recent call last):
  File "D:\Projects\Temperature-Viewer\temperature_viewer\app\management\commands\inkbird.py", line 131, in handle
    app.get_data()
  File "D:\Projects\Temperature-Viewer\temperature_viewer\app\management\commands\inkbird.py", line 43, in get_data
    self.peripheral = btle.Peripheral(self.address)
NameError: name 'btle' is not defined
Traceback (most recent call last):
  File "D:\Projects\Temperature-Viewer\temperature_viewer\app\management\commands\inkbird.py", line 131, in handle
    app.get_data()
  File "D:\Projects\Temperature-Viewer\temperature_viewer\app\management\commands\inkbird.py", line 43, in get_data
    self.peripheral = btle.Peripheral(self.address)
NameError: name 'btle' is not defined
Traceback (most recent call last):
  File "D:\Projects\Temperature-Viewer\temperature_viewer\app\management\commands\inkbird.py", line 131, in handle
    app.get_data()
  File "D:\Projects\Temperature-Viewer\temperature_viewer\app\management\commands\inkbird.py", line 43, in get_data
    self.peripheral = btle.Peripheral(self.address)
NameError: name 'btle' is not defined
Traceback (most recent call last):
  File "D:\Projects\Temperature-Viewer\temperature_viewer\app\management\commands\inkbird.py", line 131, in handle
    app.get_data()
  File "D:\Projects\Temperature-Viewer\temperature_viewer\app\management\commands\inkbird.py", line 43, in get_data
    self.peripheral = btle.Peripheral(self.address)
NameError: name 'btle' is not defined
Traceback (most recent call last):
  File "D:\Projects\Temperature-Viewer\temperature_viewer\app\management\commands\inkbird.py", line 131, in handle
    app.get_data()
  File "D:\Projects\Temperature-Viewer\temperature_viewer\app\management\commands\inkbird.py", line 43, in get_data
    self.peripheral = btle.Peripheral(self.address)
NameError: name 'btle' is not defined
Traceback (most recent call last):
  File "D:\Projects\Temperature-Viewer\temperature_viewer\app\management\commands\inkbird.py", line 131, in handle
    app.get_data()
  File "D:\Projects\Temperature-Viewer\temperature_viewer\app\management\commands\inkbird.py", line 43, in get_data
    self.peripheral = btle.Peripheral(self.address)
NameError: name 'btle' is not defined
